# JRE version: Java(TM) SE Runtime Environment (8.0_91-b15) (build 1.8.0_91-b15)
# Java VM: Java HotSpot(TM) 64-Bit Server VM (25.91-b15 mixed mode windows-amd64 compressed oops)
Heap:
 PSYoungGen      total 211968K, used 149063K [0x00000000d5d00000, 0x00000000e3f80000, 0x0000000100000000)
  eden space 201216K, 74% used [0x00000000d5d00000,0x00000000dee91ce0,0x00000000e2180000)
  from space 10752K, 0% used [0x00000000e2f80000,0x00000000e2f80000,0x00000000e3a00000)
  to   space 14336K, 0% used [0x00000000e2180000,0x00000000e2180000,0x00000000e2f80000)
 ParOldGen       total 100352K, used 22559K [0x0000000081600000, 0x0000000087800000, 0x00000000d5d00000)
  object space 100352K, 22% used [0x0000000081600000,0x0000000082c07ec8,0x0000000087800000)
 Metaspace       used 44779K, capacity 45074K, committed 45480K, reserved 1089536K
  class space    used 5721K, capacity 5797K, committed 5800K, reserved 1048576K
GC Heap History (10 events):
Event: 4.795 GC heap before
{Heap before GC invocations=6 (full 0):
 PSYoungGen      total 71680K, used 22101K [0x00000000d5d00000, 0x00000000def00000, 0x0000000100000000)
  eden space 66560K, 25% used [0x00000000d5d00000,0x00000000d6d9bc98,0x00000000d9e00000)
  from space 5120K, 99% used [0x00000000d9e00000,0x00000000da2f98a8,0x00000000da300000)
  to   space 8192K, 0% used [0x00000000de700000,0x00000000de700000,0x00000000def00000)
 ParOldGen       total 87552K, used 4664K [0x0000000081600000, 0x0000000086b80000, 0x00000000d5d00000)
  object space 87552K, 5% used [0x0000000081600000,0x0000000081a8e278,0x0000000086b80000)
 Metaspace       used 21060K, capacity 21146K, committed 21296K, reserved 1069056K
  class space    used 2608K, capacity 2635K, committed 2688K, reserved 1048576K
Event: 4.809 GC heap after
Heap after GC invocations=6 (full 0):
 PSYoungGen      total 140800K, used 7166K [0x00000000d5d00000, 0x00000000df000000, 0x0000000100000000)
  eden space 132608K, 0% used [0x00000000d5d00000,0x00000000d5d00000,0x00000000dde80000)
  from space 8192K, 87% used [0x00000000de700000,0x00000000dedffb48,0x00000000def00000)
  to   space 8704K, 0% used [0x00000000dde80000,0x00000000dde80000,0x00000000de700000)
 ParOldGen       total 87552K, used 4736K [0x0000000081600000, 0x0000000086b80000, 0x00000000d5d00000)
  object space 87552K, 5% used [0x0000000081600000,0x0000000081aa0288,0x0000000086b80000)
 Metaspace       used 21060K, capacity 21146K, committed 21296K, reserved 1069056K
  class space    used 2608K, capacity 2635K, committed 2688K, reserved 1048576K
}
Event: 4.809 GC heap before
{Heap before GC invocations=7 (full 1):
 PSYoungGen      total 140800K, used 7166K [0x00000000d5d00000, 0x00000000df000000, 0x0000000100000000)
  eden space 132608K, 0% used [0x00000000d5d00000,0x00000000d5d00000,0x00000000dde80000)
  from space 8192K, 87% used [0x00000000de700000,0x00000000dedffb48,0x00000000def00000)
  to   space 8704K, 0% used [0x00000000dde80000,0x00000000dde80000,0x00000000de700000)
 ParOldGen       total 87552K, used 4736K [0x0000000081600000, 0x0000000086b80000, 0x00000000d5d00000)
  object space 87552K, 5% used [0x0000000081600000,0x0000000081aa0288,0x0000000086b80000)
 Metaspace       used 21060K, capacity 21146K, committed 21296K, reserved 1069056K
  class space    used 2608K, capacity 2635K, committed 2688K, reserved 1048576K
Event: 4.875 GC heap after
Heap after GC invocations=7 (full 1):
 PSYoungGen      total 140800K, used 0K [0x00000000d5d00000, 0x00000000df000000, 0x0000000100000000)
  eden space 132608K, 0% used [0x00000000d5d00000,0x00000000d5d00000,0x00000000dde80000)
  from space 8192K, 0% used [0x00000000de700000,0x00000000de700000,0x00000000def00000)
  to   space 8704K, 0% used [0x00000000dde80000,0x00000000dde80000,0x00000000de700000)
 ParOldGen       total 58368K, used 7901K [0x0000000081600000, 0x0000000084f00000, 0x00000000d5d00000)
  object space 58368K, 13% used [0x0000000081600000,0x0000000081db7560,0x0000000084f00000)
 Metaspace       used 21060K, capacity 21146K, committed 21296K, reserved 1069056K
  class space    used 2608K, capacity 2635K, committed 2688K, reserved 1048576K
}
Event: 6.952 GC heap before
{Heap before GC invocations=8 (full 1):
 PSYoungGen      total 140800K, used 132608K [0x00000000d5d00000, 0x00000000df000000, 0x0000000100000000)
  eden space 132608K, 100% used [0x00000000d5d00000,0x00000000dde80000,0x00000000dde80000)
  from space 8192K, 0% used [0x00000000de700000,0x00000000de700000,0x00000000def00000)
  to   space 8704K, 0% used [0x00000000dde80000,0x00000000dde80000,0x00000000de700000)
 ParOldGen       total 58368K, used 7901K [0x0000000081600000, 0x0000000084f00000, 0x00000000d5d00000)
  object space 58368K, 13% used [0x0000000081600000,0x0000000081db7560,0x0000000084f00000)
 Metaspace       used 26533K, capacity 26730K, committed 26880K, reserved 1073152K
  class space    used 3252K, capacity 3299K, committed 3328K, reserved 1048576K
Event: 6.973 GC heap after
Heap after GC invocations=8 (full 1):
 PSYoungGen      total 141312K, used 8702K [0x00000000d5d00000, 0x00000000e3a00000, 0x0000000100000000)
  eden space 132608K, 0% used [0x00000000d5d00000,0x00000000d5d00000,0x00000000dde80000)
  from space 8704K, 99% used [0x00000000dde80000,0x00000000de6ffb08,0x00000000de700000)
  to   space 10752K, 0% used [0x00000000e2f80000,0x00000000e2f80000,0x00000000e3a00000)
 ParOldGen       total 58368K, used 10618K [0x0000000081600000, 0x0000000084f00000, 0x00000000d5d00000)
  object space 58368K, 18% used [0x0000000081600000,0x000000008205ebe8,0x0000000084f00000)
 Metaspace       used 26533K, capacity 26730K, committed 26880K, reserved 1073152K
  class space    used 3252K, capacity 3299K, committed 3328K, reserved 1048576K
}
Event: 8.556 GC heap before
{Heap before GC invocations=9 (full 1):
 PSYoungGen      total 141312K, used 84282K [0x00000000d5d00000, 0x00000000e3a00000, 0x0000000100000000)
  eden space 132608K, 56% used [0x00000000d5d00000,0x00000000da6cee90,0x00000000dde80000)
  from space 8704K, 99% used [0x00000000dde80000,0x00000000de6ffb08,0x00000000de700000)
  to   space 10752K, 0% used [0x00000000e2f80000,0x00000000e2f80000,0x00000000e3a00000)
 ParOldGen       total 58368K, used 10618K [0x0000000081600000, 0x0000000084f00000, 0x00000000d5d00000)
  object space 58368K, 18% used [0x0000000081600000,0x000000008205ebe8,0x0000000084f00000)
 Metaspace       used 35073K, capacity 35326K, committed 35496K, reserved 1081344K
  class space    used 4421K, capacity 4517K, committed 4520K, reserved 1048576K
Event: 8.577 GC heap after
Heap after GC invocations=9 (full 1):
 PSYoungGen      total 211968K, used 10721K [0x00000000d5d00000, 0x00000000e3f80000, 0x0000000100000000)
  eden space 201216K, 0% used [0x00000000d5d00000,0x00000000d5d00000,0x00000000e2180000)
  from space 10752K, 99% used [0x00000000e2f80000,0x00000000e39f8740,0x00000000e3a00000)
  to   space 14336K, 0% used [0x00000000e2180000,0x00000000e2180000,0x00000000e2f80000)
 ParOldGen       total 58368K, used 16117K [0x0000000081600000, 0x0000000084f00000, 0x00000000d5d00000)
  object space 58368K, 27% used [0x0000000081600000,0x00000000825bd638,0x0000000084f00000)
 Metaspace       used 35073K, capacity 35326K, committed 35496K, reserved 1081344K
  class space    used 4421K, capacity 4517K, committed 4520K, reserved 1048576K
}
Event: 8.577 GC heap before
{Heap before GC invocations=10 (full 2):
 PSYoungGen      total 211968K, used 10721K [0x00000000d5d00000, 0x00000000e3f80000, 0x0000000100000000)
  eden space 201216K, 0% used [0x00000000d5d00000,0x00000000d5d00000,0x00000000e2180000)
  from space 10752K, 99% used [0x00000000e2f80000,0x00000000e39f8740,0x00000000e3a00000)
  to   space 14336K, 0% used [0x00000000e2180000,0x00000000e2180000,0x00000000e2f80000)
 ParOldGen       total 58368K, used 16117K [0x0000000081600000, 0x0000000084f00000, 0x00000000d5d00000)
  object space 58368K, 27% used [0x0000000081600000,0x00000000825bd638,0x0000000084f00000)
 Metaspace       used 35073K, capacity 35326K, committed 35496K, reserved 1081344K
  class space    used 4421K, capacity 4517K, committed 4520K, reserved 1048576K
Event: 8.650 GC heap after
Heap after GC invocations=10 (full 2):
 PSYoungGen      total 211968K, used 0K [0x00000000d5d00000, 0x00000000e3f80000, 0x0000000100000000)
  eden space 201216K, 0% used [0x00000000d5d00000,0x00000000d5d00000,0x00000000e2180000)
  from space 10752K, 0% used [0x00000000e2f80000,0x00000000e2f80000,0x00000000e3a00000)
  to   space 14336K, 0% used [0x00000000e2180000,0x00000000e2180000,0x00000000e2f80000)
 ParOldGen       total 100352K, used 22559K [0x0000000081600000, 0x0000000087800000, 0x00000000d5d00000)
  object space 100352K, 22% used [0x0000000081600000,0x0000000082c07ec8,0x0000000087800000)
 Metaspace       used 35073K, capacity 35326K, committed 35496K, reserved 1081344K
  class space    used 4421K, capacity 4517K, committed 4520K, reserved 1048576K
}

